--------------------------------------------------------------------------------
Release 14.7 Trace  (nt)
Copyright (c) 1995-2013 Xilinx, Inc.  All rights reserved.

C:\Xilinx\14.7\ISE_DS\ISE\bin\nt\unwrapped\trce.exe -intstyle ise -v 3 -s 4 -n
3 -fastpaths -xml toplevel.twx toplevel.ncd -o toplevel.twr toplevel.pcf -ucf
pinning.ucf

Design file:              toplevel.ncd
Physical constraint file: toplevel.pcf
Device,package,speed:     xc3s700a,fg484,-4 (PRODUCTION 1.42 2013-10-13)
Report level:             verbose report

Environment Variable      Effect 
--------------------      ------ 
NONE                      No environment variables were set
--------------------------------------------------------------------------------

INFO:Timing:2698 - No timing constraints found, doing default enumeration.
INFO:Timing:3412 - To improve timing, see the Timing Closure User Guide (UG612).
INFO:Timing:2752 - To get complete path coverage, use the unconstrained paths 
   option. All paths that are not constrained will be reported in the 
   unconstrained paths section(s) of the report.
INFO:Timing:3339 - The clock-to-out numbers in this timing report are based on 
   a 50 Ohm transmission line loading model.  For the details of this model, 
   and for more information on accounting for different loading conditions, 
   please see the device datasheet.
INFO:Timing:3390 - This architecture does not support a default System Jitter 
   value, please add SYSTEM_JITTER constraint to the UCF to modify the Clock 
   Uncertainty calculation.
INFO:Timing:3389 - This architecture does not support 'Discrete Jitter' and 
   'Phase Error' calculations, these terms will be zero in the Clock 
   Uncertainty calculation.  Please make appropriate modification to 
   SYSTEM_JITTER to account for the unsupported Discrete Jitter and Phase 
   Error.



Data Sheet report:
-----------------
All values displayed in nanoseconds (ns)

Setup/Hold to clock clk
------------+------------+------------+-----------------------+--------+
            |Max Setup to|Max Hold to |                       | Clock  |
Source      | clk (edge) | clk (edge) |Internal Clock(s)      | Phase  |
------------+------------+------------+-----------------------+--------+
rst         |    8.394(R)|    3.754(R)|PROZESSOR/clock_clk_out|   0.000|
            |    9.826(R)|   -3.211(R)|clk25                  |   0.000|
------------+------------+------------+-----------------------+--------+

Setup/Hold to clock slow
------------+------------+------------+-----------------------+--------+
            |Max Setup to|Max Hold to |                       | Clock  |
Source      | clk (edge) | clk (edge) |Internal Clock(s)      | Phase  |
------------+------------+------------+-----------------------+--------+
rst         |    8.655(R)|    2.140(R)|PROZESSOR/clock_clk_out|   0.000|
------------+------------+------------+-----------------------+--------+

Clock clk to Pad
------------+------------+------------------+--------+
            | clk (edge) |                  | Clock  |
Destination |   to PAD   |Internal Clock(s) | Phase  |
------------+------------+------------------+--------+
b<0>        |   13.329(R)|clk25             |   0.000|
b<1>        |   13.574(R)|clk25             |   0.000|
b<2>        |   13.613(R)|clk25             |   0.000|
b<3>        |   13.613(R)|clk25             |   0.000|
hsync       |    6.805(R)|clk25             |   0.000|
vsync       |    6.257(R)|clk25             |   0.000|
------------+------------+------------------+--------+

Clock to Setup on destination clock clk
---------------+---------+---------+---------+---------+
               | Src:Rise| Src:Fall| Src:Rise| Src:Fall|
Source Clock   |Dest:Rise|Dest:Rise|Dest:Fall|Dest:Fall|
---------------+---------+---------+---------+---------+
clk            |   20.866|         |         |         |
slow           |   20.866|         |         |         |
---------------+---------+---------+---------+---------+

Clock to Setup on destination clock slow
---------------+---------+---------+---------+---------+
               | Src:Rise| Src:Fall| Src:Rise| Src:Fall|
Source Clock   |Dest:Rise|Dest:Rise|Dest:Fall|Dest:Fall|
---------------+---------+---------+---------+---------+
clk            |   20.866|         |         |         |
slow           |   20.866|         |         |         |
---------------+---------+---------+---------+---------+


Analysis completed Wed Jun 29 12:31:27 2016 
--------------------------------------------------------------------------------

Trace Settings:
-------------------------
Trace Settings 

Peak Memory Usage: 192 MB



