Release 14.7 Map P.20131013 (nt)
Xilinx Mapping Report File for Design 'toplevel'

Design Information
------------------
Command Line   : map -intstyle ise -p xc3s700a-fg484-4 -cm area -ir off -pr off
-c 100 -o toplevel_map.ncd toplevel.ngd toplevel.pcf 
Target Device  : xc3s700a
Target Package : fg484
Target Speed   : -4
Mapper Version : spartan3a -- $Revision: 1.55 $
Mapped Date    : Wed Jun 29 12:28:06 2016

Design Summary
--------------
Number of errors:      0
Number of warnings:   18
Logic Utilization:
  Number of Slice Flip Flops:         1,575 out of  11,776   13%
  Number of 4 input LUTs:             5,765 out of  11,776   48%
Logic Distribution:
  Number of occupied Slices:          3,618 out of   5,888   61%
    Number of Slices containing only related logic:   3,618 out of   3,618 100%
    Number of Slices containing unrelated logic:          0 out of   3,618   0%
      *See NOTES below for an explanation of the effects of unrelated logic.
  Total Number of 4 input LUTs:       5,850 out of  11,776   49%
    Number used as logic:             5,765
    Number used as a route-thru:         85

  The Slice Logic Distribution report is not meaningful if the design is
  over-mapped for a non-slice resource or if Placement fails.

  Number of bonded IOBs:                 18 out of     372    4%
  Number of BUFGMUXs:                     3 out of      24   12%
  Number of DCMs:                         1 out of       8   12%
  Number of RAMB16BWEs:                   1 out of      20    5%

Average Fanout of Non-Clock Nets:                3.96

Peak Memory Usage:  276 MB
Total REAL time to MAP completion:  6 secs 
Total CPU time to MAP completion:   6 secs 

NOTES:

   Related logic is defined as being logic that shares connectivity - e.g. two
   LUTs are "related" if they share common inputs.  When assembling slices,
   Map gives priority to combine logic that is related.  Doing so results in
   the best timing performance.

   Unrelated logic shares no connectivity.  Map will only begin packing
   unrelated logic into a slice once 99% of the slices are occupied through
   related logic packing.

   Note that once logic distribution reaches the 99% level through related
   logic packing, this does not mean the device is completely utilized.
   Unrelated logic packing will then begin, continuing until all usable LUTs
   and FFs are occupied.  Depending on your timing budget, increased levels of
   unrelated logic packing may adversely affect the overall timing performance
   of your design.

Table of Contents
-----------------
Section 1 - Errors
Section 2 - Warnings
Section 3 - Informational
Section 4 - Removed Logic Summary
Section 5 - Removed Logic
Section 6 - IOB Properties
Section 7 - RPMs
Section 8 - Guide Report
Section 9 - Area Group and Partition Summary
Section 10 - Timing Report
Section 11 - Configuration String Information
Section 12 - Control Set Information
Section 13 - Utilization by Hierarchy

Section 1 - Errors
------------------

Section 2 - Warnings
--------------------
WARNING:LIT:176 - Clock buffer is designated to drive clock loads. BUFGMUX
   symbol "physical_group_clk_cpu/Inst_vga_clk/CLK0_BUFG_INST" (output
   signal=clk_cpu) has a mix of clock and non-clock loads. The non-clock loads
   are:
   Pin I1 of PROZESSOR/CLOCKER/clk_out1
WARNING:Pack:249 - The following adjacent carry multiplexers occupy different
   slice components.  The resulting carry chain will have suboptimal timing.
   	PROZESSOR/CLOCKER/Mcompar_counter_cmp_ge0000_cy<12>
   	PROZESSOR/CLOCKER/Mcount_counter_cy<0>
WARNING:Pack:266 - The function generator
   PROZESSOR/SPEICHER/Mmux_data_out_varindex0002_10 failed to merge with F5
   multiplexer PROZESSOR/SPEICHER/Mmux_data_out_varindex0000_9_f5.  There is a
   conflict for the FXMUX.  The design will exhibit suboptimal timing.
WARNING:Pack:266 - The function generator
   PROZESSOR/SPEICHER/Mmux_data_out_varindex0001_10 failed to merge with F5
   multiplexer PROZESSOR/SPEICHER/Mmux_data_out_varindex0003_9_f5.  There is a
   conflict for the FXMUX.  The design will exhibit suboptimal timing.
WARNING:Pack:266 - The function generator
   PROZESSOR/SPEICHER/Mmux_data_out_varindex0002_101 failed to merge with F5
   multiplexer PROZESSOR/SPEICHER/Mmux_data_out_varindex0000_9_f5_0.  There is a
   conflict for the FXMUX.  The design will exhibit suboptimal timing.
WARNING:Pack:266 - The function generator
   PROZESSOR/SPEICHER/Mmux_data_out_varindex0002_102 failed to merge with F5
   multiplexer PROZESSOR/SPEICHER/Mmux_data_out_varindex0000_9_f5_1.  There is a
   conflict for the FXMUX.  The design will exhibit suboptimal timing.
WARNING:Pack:266 - The function generator
   PROZESSOR/SPEICHER/Mmux_data_out_varindex0002_103 failed to merge with F5
   multiplexer PROZESSOR/SPEICHER/Mmux_data_out_varindex0000_9_f5_2.  There is a
   conflict for the FXMUX.  The design will exhibit suboptimal timing.
WARNING:Pack:266 - The function generator
   PROZESSOR/SPEICHER/Mmux_data_out_varindex0002_104 failed to merge with F5
   multiplexer PROZESSOR/SPEICHER/Mmux_data_out_varindex0000_9_f5_3.  There is a
   conflict for the FXMUX.  The design will exhibit suboptimal timing.
WARNING:Pack:266 - The function generator
   PROZESSOR/SPEICHER/Mmux_data_out_varindex0002_105 failed to merge with F5
   multiplexer PROZESSOR/SPEICHER/Mmux_data_out_varindex0000_9_f5_4.  There is a
   conflict for the FXMUX.  The design will exhibit suboptimal timing.
WARNING:Pack:266 - The function generator
   PROZESSOR/SPEICHER/Mmux_data_out_varindex0002_106 failed to merge with F5
   multiplexer PROZESSOR/SPEICHER/Mmux_data_out_varindex0000_9_f5_5.  There is a
   conflict for the FXMUX.  The design will exhibit suboptimal timing.
WARNING:Pack:266 - The function generator
   PROZESSOR/SPEICHER/Mmux_data_out_varindex0002_107 failed to merge with F5
   multiplexer PROZESSOR/SPEICHER/Mmux_data_out_varindex0000_9_f5_6.  There is a
   conflict for the FXMUX.  The design will exhibit suboptimal timing.
WARNING:Pack:266 - The function generator
   PROZESSOR/SPEICHER/Mmux_data_out_varindex0001_101 failed to merge with F5
   multiplexer PROZESSOR/SPEICHER/Mmux_data_out_varindex0003_9_f5_0.  There is a
   conflict for the FXMUX.  The design will exhibit suboptimal timing.
WARNING:Pack:266 - The function generator
   PROZESSOR/SPEICHER/Mmux_data_out_varindex0001_102 failed to merge with F5
   multiplexer PROZESSOR/SPEICHER/Mmux_data_out_varindex0003_9_f5_1.  There is a
   conflict for the FXMUX.  The design will exhibit suboptimal timing.
WARNING:Pack:266 - The function generator
   PROZESSOR/SPEICHER/Mmux_data_out_varindex0001_103 failed to merge with F5
   multiplexer PROZESSOR/SPEICHER/Mmux_data_out_varindex0003_9_f5_2.  There is a
   conflict for the FXMUX.  The design will exhibit suboptimal timing.
WARNING:Pack:266 - The function generator
   PROZESSOR/SPEICHER/Mmux_data_out_varindex0001_104 failed to merge with F5
   multiplexer PROZESSOR/SPEICHER/Mmux_data_out_varindex0003_9_f5_3.  There is a
   conflict for the FXMUX.  The design will exhibit suboptimal timing.
WARNING:Pack:266 - The function generator
   PROZESSOR/SPEICHER/Mmux_data_out_varindex0001_105 failed to merge with F5
   multiplexer PROZESSOR/SPEICHER/Mmux_data_out_varindex0003_9_f5_4.  There is a
   conflict for the FXMUX.  The design will exhibit suboptimal timing.
WARNING:Pack:266 - The function generator
   PROZESSOR/SPEICHER/Mmux_data_out_varindex0001_106 failed to merge with F5
   multiplexer PROZESSOR/SPEICHER/Mmux_data_out_varindex0003_9_f5_5.  There is a
   conflict for the FXMUX.  The design will exhibit suboptimal timing.
WARNING:Pack:266 - The function generator
   PROZESSOR/SPEICHER/Mmux_data_out_varindex0001_107 failed to merge with F5
   multiplexer PROZESSOR/SPEICHER/Mmux_data_out_varindex0003_9_f5_6.  There is a
   conflict for the FXMUX.  The design will exhibit suboptimal timing.

Section 3 - Informational
-------------------------
INFO:MapLib:562 - No environment variables are currently set.

Section 4 - Removed Logic Summary
---------------------------------
   2 block(s) optimized away

Section 5 - Removed Logic
-------------------------

Optimized Block(s):
TYPE 		BLOCK
GND 		XST_GND
VCC 		XST_VCC

To enable printing of redundant blocks removed and signals merged, set the
detailed map report option and rerun map.

Section 6 - IOB Properties
--------------------------

+-------------------------------------------------------------------------------------------------------------------------------------------------------------------------------+
| IOB Name                           | Type             | Direction | IO Standard          | Diff  | Drive    | Slew    | Reg (s)      | Resistor | IBUF/IFD | SUSPEND          |
|                                    |                  |           |                      | Term  | Strength | Rate    |              |          | Delay    |                  |
+-------------------------------------------------------------------------------------------------------------------------------------------------------------------------------+
| b<0>                               | IOB              | OUTPUT    | LVCMOS33             |       | 8        | FAST    |              |          | 0 / 0    | 3STATE           |
| b<1>                               | IOB              | OUTPUT    | LVCMOS33             |       | 8        | FAST    |              |          | 0 / 0    | 3STATE           |
| b<2>                               | IOB              | OUTPUT    | LVCMOS33             |       | 8        | FAST    |              |          | 0 / 0    | 3STATE           |
| b<3>                               | IOB              | OUTPUT    | LVCMOS33             |       | 8        | FAST    |              |          | 0 / 0    | 3STATE           |
| clk                                | IBUF             | INPUT     | LVCMOS33             |       |          |         |              |          | 0 / 0    |                  |
| err_out                            | IOB              | OUTPUT    | LVCMOS25             |       | 12       | SLOW    |              |          | 0 / 0    | 3STATE           |
| g<0>                               | IOB              | OUTPUT    | LVCMOS33             |       | 8        | FAST    |              |          | 0 / 0    | 3STATE           |
| g<1>                               | IOB              | OUTPUT    | LVCMOS33             |       | 8        | FAST    |              |          | 0 / 0    | 3STATE           |
| g<2>                               | IOB              | OUTPUT    | LVCMOS33             |       | 8        | FAST    |              |          | 0 / 0    | 3STATE           |
| g<3>                               | IOB              | OUTPUT    | LVCMOS33             |       | 8        | FAST    |              |          | 0 / 0    | 3STATE           |
| hsync                              | IOB              | OUTPUT    | LVCMOS33             |       | 8        | FAST    |              |          | 0 / 0    | 3STATE           |
| r<0>                               | IOB              | OUTPUT    | LVCMOS33             |       | 8        | FAST    |              |          | 0 / 0    | 3STATE           |
| r<1>                               | IOB              | OUTPUT    | LVCMOS33             |       | 8        | FAST    |              |          | 0 / 0    | 3STATE           |
| r<2>                               | IOB              | OUTPUT    | LVCMOS33             |       | 8        | FAST    |              |          | 0 / 0    | 3STATE           |
| r<3>                               | IOB              | OUTPUT    | LVCMOS33             |       | 8        | FAST    |              |          | 0 / 0    | 3STATE           |
| rst                                | IBUF             | INPUT     | LVCMOS33             |       |          |         |              |          | 0 / 0    |                  |
| slow                               | IBUF             | INPUT     | LVCMOS33             |       |          |         |              |          | 0 / 0    |                  |
| vsync                              | IOB              | OUTPUT    | LVCMOS33             |       | 8        | FAST    |              |          | 0 / 0    | 3STATE           |
+-------------------------------------------------------------------------------------------------------------------------------------------------------------------------------+

Section 7 - RPMs
----------------

Section 8 - Guide Report
------------------------
Guide not run on this design.

Section 9 - Area Group and Partition Summary
--------------------------------------------

Partition Implementation Status
-------------------------------

  No Partitions were found in this design.

-------------------------------

Area Group Information
----------------------

  No area groups were found in this design.

----------------------

Section 10 - Timing Report
--------------------------
This design was not run using timing mode.

Section 11 - Configuration String Details
-----------------------------------------
Use the "-detail" map option to print out Configuration Strings

Section 12 - Control Set Information
------------------------------------
No control set information for this architecture.

Section 13 - Utilization by Hierarchy
-------------------------------------
Use the "-detail" map option to print out the Utilization by Hierarchy section.
