ISim log file
Running: C:/Users/riege/gpgit/RISC-Vhdl/RISC-Vhdl/project_1/project_1.sim/sim_1/behav/toplevel.exe -intstyle pa -gui -tclbatch isim.cmd -wdb toplevel.wdb 
ISim P.20131013 (signature 0x7708f090)
WARNING: A WEBPACK license was found.
WARNING: Please use Xilinx License Configuration Manager to check out a full ISim license.
WARNING: ISim will run in Lite mode. Please refer to the ISim documentation for more information on the differences between the Lite and the Full version.
This is a Lite version of ISim.
Time resolution is 1 ps
# onerror resume
# wave add /
# run 1000 ns
Simulator is doing circuit initialization process.
at 0 ps, Instance /toplevel/Inst_vga/ : Warning: NUMERIC_STD."=": metavalue detected, returning FALSE
at 0 ps, Instance /toplevel/Inst_vga/ : Warning: NUMERIC_STD."=": metavalue detected, returning FALSE
at 0 ps, Instance /toplevel/Inst_vga/ : Warning: NUMERIC_STD.TO_INTEGER: metavalue detected, returning 0
at 0 ps, Instance /toplevel/Inst_vga/ : Warning: NUMERIC_STD.TO_INTEGER: metavalue detected, returning 0
at 0 ps, Instance /toplevel/INST_DDR2_RAM_CORE/top_00/controller0/ : Warning: There is an 'U'|'X'|'W'|'Z'|'-' in an arithmetic operand, the result will be 'X'(es).
at 0 ps, Instance /toplevel/INST_DDR2_RAM_CORE/infrastructure_top0/cal_top0/cal_ctl0/ : Warning: CONV_INTEGER: There is an 'U'|'X'|'W'|'Z'|'-' in an arithmetic operand, and it has been converted to 0.
Finished circuit initialization process.
at 0 ps, Instance /toplevel/Inst_vga/ : Warning: NUMERIC_STD.TO_INTEGER: metavalue detected, returning 0
at 0 ps, Instance /toplevel/Inst_vga/ : Warning: NUMERIC_STD.TO_INTEGER: metavalue detected, returning 0
at 0 ps, Instance /toplevel/Inst_vga/ : Warning: NUMERIC_STD."=": metavalue detected, returning FALSE
at 0 ps, Instance /toplevel/Inst_vga/ : Warning: NUMERIC_STD."=": metavalue detected, returning FALSE
at 0 ps, Instance /toplevel/Inst_vga/ : Warning: NUMERIC_STD.TO_INTEGER: metavalue detected, returning 0
at 0 ps, Instance /toplevel/Inst_vga/ : Warning: NUMERIC_STD.TO_INTEGER: metavalue detected, returning 0
