
*** Running ngdbuild
    with args -intstyle ise -p xc3s700afg484-4 -dd _ngo -uc "toplevel.ucf" "toplevel.edf"


Command Line: C:\Xilinx\14.7\ISE_DS\ISE\bin\nt64\unwrapped\ngdbuild.exe
-intstyle ise -p xc3s700afg484-4 -dd _ngo -uc toplevel.ucf toplevel.edf

Executing edif2ngd -quiet "toplevel.edf" "_ngo\toplevel.ngo"
Release 14.7 - edif2ngd P.20131013 (nt64)
Copyright (c) 1995-2013 Xilinx, Inc.  All rights reserved.
Reading NGO file
"C:/Users/riege/gpgit/RISC-Vhdl/RISC-Vhdl/project_1/project_1.runs/impl_1/_ngo/t
oplevel.ngo" ...
Gathering constraint information from source properties...
Done.

Annotating constraints to design from ucf file "toplevel.ucf" ...
Resolving constraint associations...
Checking Constraint Associations...



Done...

Checking expanded design ...

Partition Implementation Status
-------------------------------

  No Partitions were found in this design.

-------------------------------

NGDBUILD Design Results Summary:
  Number of errors:     0
  Number of warnings:   0

Writing NGD file "toplevel.ngd" ...
Total REAL time to NGDBUILD completion:  34 sec
Total CPU time to NGDBUILD completion:   10 sec

Writing NGDBUILD log file "toplevel.bld"...

NGDBUILD done.

*** Running map
    with args -intstyle pa -w  -ntd "toplevel.ngd"

Using target part "3s700afg484-4".
Mapping design into LUTs...
WARNING:MapLib:39 - The timing specification "MAXDELAY=6390 pS" on net
   "INST_DDR2_RAM_CORE/top_00/data_path0/fifo_1_wr_addr[5]" has been discarded,
   because the net was optimized out of the design.
WARNING:MapLib:39 - The timing specification "MAXDELAY=6390 pS" on net
   "INST_DDR2_RAM_CORE/top_00/data_path0/fifo_1_wr_addr[6]" has been discarded,
   because the net was optimized out of the design.
WARNING:MapLib:39 - The timing specification "MAXDELAY=6390 pS" on net
   "INST_DDR2_RAM_CORE/top_00/data_path0/fifo_1_wr_addr[7]" has been discarded,
   because the net was optimized out of the design.
WARNING:MapLib:39 - The timing specification "MAXDELAY=6390 pS" on net
   "INST_DDR2_RAM_CORE/top_00/data_path0/fifo_1_wr_addr[4]" has been discarded,
   because the net was optimized out of the design.
WARNING:MapLib:39 - The timing specification "MAXDELAY=6390 pS" on net
   "INST_DDR2_RAM_CORE/top_00/data_path0/fifo_0_wr_addr[4]" has been discarded,
   because the net was optimized out of the design.
WARNING:MapLib:39 - The timing specification "MAXDELAY=6390 pS" on net
   "INST_DDR2_RAM_CORE/top_00/data_path0/fifo_0_wr_addr[6]" has been discarded,
   because the net was optimized out of the design.
WARNING:MapLib:39 - The timing specification "MAXDELAY=6390 pS" on net
   "INST_DDR2_RAM_CORE/top_00/data_path0/fifo_0_wr_addr[7]" has been discarded,
   because the net was optimized out of the design.
WARNING:MapLib:39 - The timing specification "MAXDELAY=6390 pS" on net
   "INST_DDR2_RAM_CORE/top_00/data_path0/fifo_0_wr_addr[5]" has been discarded,
   because the net was optimized out of the design.
WARNING:MapLib:39 - The timing specification "MAXDELAY=3007 pS" on net
   "INST_DDR2_RAM_CORE/top_00/data_path0/fifo_0_wr_en[0]" has been discarded,
   because the net was optimized out of the design.
WARNING:MapLib:39 - The timing specification "MAXDELAY=3007 pS" on net
   "INST_DDR2_RAM_CORE/top_00/data_path0/fifo_1_wr_en[1]" has been discarded,
   because the net was optimized out of the design.
WARNING:MapLib:39 - The timing specification "MAXDELAY=6390 pS" on net
   "INST_DDR2_RAM_CORE/top_00/data_path0/fifo_0_wr_addr[1]" has been discarded,
   because the net was optimized out of the design.
WARNING:MapLib:39 - The timing specification "MAXDELAY=6390 pS" on net
   "INST_DDR2_RAM_CORE/top_00/data_path0/fifo_0_wr_addr[2]" has been discarded,
   because the net was optimized out of the design.
WARNING:MapLib:39 - The timing specification "MAXDELAY=6390 pS" on net
   "INST_DDR2_RAM_CORE/top_00/data_path0/fifo_0_wr_addr[3]" has been discarded,
   because the net was optimized out of the design.
WARNING:MapLib:39 - The timing specification "MAXDELAY=6390 pS" on net
   "INST_DDR2_RAM_CORE/top_00/data_path0/fifo_0_wr_addr[0]" has been discarded,
   because the net was optimized out of the design.
WARNING:MapLib:39 - The timing specification "MAXDELAY=190 pS" on net
   "INST_DDR2_RAM_CORE/top_00/data_path0/data_read_controller0/gen_delay[1].dqs_
   delay_col0/delay5" has been discarded, because the net was optimized out of
   the design.
WARNING:MapLib:39 - The timing specification "MAXDELAY=580 pS" on net
   "INST_DDR2_RAM_CORE/top_00/dqs_int_delay_in[1]" has been discarded, because
   the net was optimized out of the design.
WARNING:MapLib:39 - The timing specification "MAXDELAY=190 pS" on net
   "INST_DDR2_RAM_CORE/top_00/data_path0/data_read_controller0/gen_delay[1].dqs_
   delay_col0/delay3" has been discarded, because the net was optimized out of
   the design.
WARNING:MapLib:39 - The timing specification "MAXDELAY=190 pS" on net
   "INST_DDR2_RAM_CORE/top_00/data_path0/data_read_controller0/gen_delay[1].dqs_
   delay_col0/delay4" has been discarded, because the net was optimized out of
   the design.
WARNING:MapLib:39 - The timing specification "MAXDELAY=190 pS" on net
   "INST_DDR2_RAM_CORE/top_00/data_path0/data_read_controller0/gen_delay[1].dqs_
   delay_col0/delay1" has been discarded, because the net was optimized out of
   the design.
WARNING:MapLib:39 - The timing specification "MAXDELAY=190 pS" on net
   "INST_DDR2_RAM_CORE/top_00/data_path0/data_read_controller0/gen_delay[1].dqs_
   delay_col0/delay2" has been discarded, because the net was optimized out of
   the design.
WARNING:MapLib:39 - The timing specification "MAXDELAY=190 pS" on net
   "INST_DDR2_RAM_CORE/top_00/data_path0/data_read_controller0/gen_delay[1].dqs_
   delay_col1/delay5" has been discarded, because the net was optimized out of
   the design.
WARNING:MapLib:39 - The timing specification "MAXDELAY=190 pS" on net
   "INST_DDR2_RAM_CORE/top_00/data_path0/data_read_controller0/gen_delay[1].dqs_
   delay_col1/delay3" has been discarded, because the net was optimized out of
   the design.
WARNING:MapLib:39 - The timing specification "MAXDELAY=190 pS" on net
   "INST_DDR2_RAM_CORE/top_00/data_path0/data_read_controller0/gen_delay[1].dqs_
   delay_col1/delay4" has been discarded, because the net was optimized out of
   the design.
WARNING:MapLib:39 - The timing specification "MAXDELAY=190 pS" on net
   "INST_DDR2_RAM_CORE/top_00/data_path0/data_read_controller0/gen_delay[1].dqs_
   delay_col1/delay1" has been discarded, because the net was optimized out of
   the design.
WARNING:MapLib:39 - The timing specification "MAXDELAY=190 pS" on net
   "INST_DDR2_RAM_CORE/top_00/data_path0/data_read_controller0/gen_delay[1].dqs_
   delay_col1/delay2" has been discarded, because the net was optimized out of
   the design.
WARNING:MapLib:39 - The timing specification "MAXDELAY=3007 pS" on net
   "INST_DDR2_RAM_CORE/top_00/data_path0/fifo_0_wr_en[1]" has been discarded,
   because the net was optimized out of the design.
WARNING:LIT:176 - Clock buffer is designated to drive clock loads. BUFGMUX
   symbol
   "physical_group_clk_tb/INST_DDR2_RAM_CORE/infrastructure_top0/clk_dcm0/BUFG_C
   LK0" (output signal=clk_tb) has a mix of clock and non-clock loads. The
   non-clock loads are:
   Pin I0 of INST_DDR2_RAM_CORE/infrastructure_top0/cal_top0/tap_dly0/l0
WARNING:LIT:176 - Clock buffer is designated to drive clock loads. BUFGMUX
   symbol "physical_group_clk_cpu/Inst_vga_clk/CLK0_BUFG_INST" (output
   signal=clk_cpu) has a mix of clock and non-clock loads. The non-clock loads
   are:
   Pin I1 of CPU/CDU/clk_out1
Running directed packing...
WARNING:Pack:249 - The following adjacent carry multiplexers occupy different
   slice components.  The resulting carry chain will have suboptimal timing.
   	CPU/CDU/Mcompar_mode_cmp_ge0000_cy<12>
   	CPU/CDU/Mcount_counter_cy<0>
WARNING:Pack:266 - The function generator
   INST_DDR2_RAM_CORE/top_00/controller0/Mcount_init_pre_count_xor<5>111 failed
   to merge with F5 multiplexer
   INST_DDR2_RAM_CORE/top_00/controller0/Mcount_init_pre_count_xor<4>11_f5. 
   There is a conflict for the FXMUX.  The design will exhibit suboptimal
   timing.
Running delay-based LUT packing...
Running related packing...
Updating timing models...
WARNING:PhysDesignRules:372 - Gated clock. Clock net
   INST_DDR2_RAM_CORE/top_00/data_path0/dqs_delayed_col1[0] is sourced by a
   combinatorial pin. This is not good design practice. Use the CE pin to
   control the loading of data into the flip-flop.
WARNING:PhysDesignRules:372 - Gated clock. Clock net
   INST_DDR2_RAM_CORE/top_00/data_path0/dqs_delayed_col0[0] is sourced by a
   combinatorial pin. This is not good design practice. Use the CE pin to
   control the loading of data into the flip-flop.
WARNING:PhysDesignRules:812 - Dangling pin <DIA0> on
   block:<inst_asciiunit/inst_charmap/Mrom__varindex00001>:<RAMB16BWE_RAMB16BWE>
   .
WARNING:PhysDesignRules:812 - Dangling pin <DIA1> on
   block:<inst_asciiunit/inst_charmap/Mrom__varindex00001>:<RAMB16BWE_RAMB16BWE>
   .
WARNING:PhysDesignRules:812 - Dangling pin <DIA2> on
   block:<inst_asciiunit/inst_charmap/Mrom__varindex00001>:<RAMB16BWE_RAMB16BWE>
   .
WARNING:PhysDesignRules:812 - Dangling pin <DIA3> on
   block:<inst_asciiunit/inst_charmap/Mrom__varindex00001>:<RAMB16BWE_RAMB16BWE>
   .
WARNING:PhysDesignRules:812 - Dangling pin <DIA4> on
   block:<inst_asciiunit/inst_charmap/Mrom__varindex00001>:<RAMB16BWE_RAMB16BWE>
   .
WARNING:PhysDesignRules:812 - Dangling pin <DIA5> on
   block:<inst_asciiunit/inst_charmap/Mrom__varindex00001>:<RAMB16BWE_RAMB16BWE>
   .
WARNING:PhysDesignRules:812 - Dangling pin <DIA6> on
   block:<inst_asciiunit/inst_charmap/Mrom__varindex00001>:<RAMB16BWE_RAMB16BWE>
   .
WARNING:PhysDesignRules:812 - Dangling pin <DIA7> on
   block:<inst_asciiunit/inst_charmap/Mrom__varindex00001>:<RAMB16BWE_RAMB16BWE>
   .
WARNING:PhysDesignRules:812 - Dangling pin <DIA8> on
   block:<inst_asciiunit/inst_charmap/Mrom__varindex00001>:<RAMB16BWE_RAMB16BWE>
   .
WARNING:PhysDesignRules:812 - Dangling pin <DIA9> on
   block:<inst_asciiunit/inst_charmap/Mrom__varindex00001>:<RAMB16BWE_RAMB16BWE>
   .
WARNING:PhysDesignRules:812 - Dangling pin <DIA10> on
   block:<inst_asciiunit/inst_charmap/Mrom__varindex00001>:<RAMB16BWE_RAMB16BWE>
   .
WARNING:PhysDesignRules:812 - Dangling pin <DIA11> on
   block:<inst_asciiunit/inst_charmap/Mrom__varindex00001>:<RAMB16BWE_RAMB16BWE>
   .
WARNING:PhysDesignRules:812 - Dangling pin <DIA12> on
   block:<inst_asciiunit/inst_charmap/Mrom__varindex00001>:<RAMB16BWE_RAMB16BWE>
   .
WARNING:PhysDesignRules:812 - Dangling pin <DIA13> on
   block:<inst_asciiunit/inst_charmap/Mrom__varindex00001>:<RAMB16BWE_RAMB16BWE>
   .
WARNING:PhysDesignRules:812 - Dangling pin <DIA14> on
   block:<inst_asciiunit/inst_charmap/Mrom__varindex00001>:<RAMB16BWE_RAMB16BWE>
   .
WARNING:PhysDesignRules:812 - Dangling pin <DIA15> on
   block:<inst_asciiunit/inst_charmap/Mrom__varindex00001>:<RAMB16BWE_RAMB16BWE>
   .
WARNING:PhysDesignRules:812 - Dangling pin <DIA16> on
   block:<inst_asciiunit/inst_charmap/Mrom__varindex00001>:<RAMB16BWE_RAMB16BWE>
   .
WARNING:PhysDesignRules:812 - Dangling pin <DIA17> on
   block:<inst_asciiunit/inst_charmap/Mrom__varindex00001>:<RAMB16BWE_RAMB16BWE>
   .
WARNING:PhysDesignRules:812 - Dangling pin <DIA18> on
   block:<inst_asciiunit/inst_charmap/Mrom__varindex00001>:<RAMB16BWE_RAMB16BWE>
   .
WARNING:PhysDesignRules:812 - Dangling pin <DIA19> on
   block:<inst_asciiunit/inst_charmap/Mrom__varindex00001>:<RAMB16BWE_RAMB16BWE>
   .
WARNING:PhysDesignRules:812 - Dangling pin <DIA20> on
   block:<inst_asciiunit/inst_charmap/Mrom__varindex00001>:<RAMB16BWE_RAMB16BWE>
   .
WARNING:PhysDesignRules:812 - Dangling pin <DIA21> on
   block:<inst_asciiunit/inst_charmap/Mrom__varindex00001>:<RAMB16BWE_RAMB16BWE>
   .
WARNING:PhysDesignRules:812 - Dangling pin <DIA22> on
   block:<inst_asciiunit/inst_charmap/Mrom__varindex00001>:<RAMB16BWE_RAMB16BWE>
   .
WARNING:PhysDesignRules:812 - Dangling pin <DIA23> on
   block:<inst_asciiunit/inst_charmap/Mrom__varindex00001>:<RAMB16BWE_RAMB16BWE>
   .
WARNING:PhysDesignRules:812 - Dangling pin <DIA24> on
   block:<inst_asciiunit/inst_charmap/Mrom__varindex00001>:<RAMB16BWE_RAMB16BWE>
   .
WARNING:PhysDesignRules:812 - Dangling pin <DIA25> on
   block:<inst_asciiunit/inst_charmap/Mrom__varindex00001>:<RAMB16BWE_RAMB16BWE>
   .
WARNING:PhysDesignRules:812 - Dangling pin <DIA26> on
   block:<inst_asciiunit/inst_charmap/Mrom__varindex00001>:<RAMB16BWE_RAMB16BWE>
   .
WARNING:PhysDesignRules:812 - Dangling pin <DIA27> on
   block:<inst_asciiunit/inst_charmap/Mrom__varindex00001>:<RAMB16BWE_RAMB16BWE>
   .
WARNING:PhysDesignRules:812 - Dangling pin <DIA28> on
   block:<inst_asciiunit/inst_charmap/Mrom__varindex00001>:<RAMB16BWE_RAMB16BWE>
   .
WARNING:PhysDesignRules:812 - Dangling pin <DIA29> on
   block:<inst_asciiunit/inst_charmap/Mrom__varindex00001>:<RAMB16BWE_RAMB16BWE>
   .
WARNING:PhysDesignRules:812 - Dangling pin <DIA30> on
   block:<inst_asciiunit/inst_charmap/Mrom__varindex00001>:<RAMB16BWE_RAMB16BWE>
   .
WARNING:PhysDesignRules:812 - Dangling pin <DIA31> on
   block:<inst_asciiunit/inst_charmap/Mrom__varindex00001>:<RAMB16BWE_RAMB16BWE>
   .
WARNING:PhysDesignRules:812 - Dangling pin <DIA0> on
   block:<inst_asciiunit/inst_charmap/Mrom__varindex00002>:<RAMB16BWE_RAMB16BWE>
   .
WARNING:PhysDesignRules:812 - Dangling pin <DIA1> on
   block:<inst_asciiunit/inst_charmap/Mrom__varindex00002>:<RAMB16BWE_RAMB16BWE>
   .
WARNING:PhysDesignRules:812 - Dangling pin <DIA2> on
   block:<inst_asciiunit/inst_charmap/Mrom__varindex00002>:<RAMB16BWE_RAMB16BWE>
   .
WARNING:PhysDesignRules:812 - Dangling pin <DIA3> on
   block:<inst_asciiunit/inst_charmap/Mrom__varindex00002>:<RAMB16BWE_RAMB16BWE>
   .
WARNING:PhysDesignRules:812 - Dangling pin <DIA4> on
   block:<inst_asciiunit/inst_charmap/Mrom__varindex00002>:<RAMB16BWE_RAMB16BWE>
   .
WARNING:PhysDesignRules:812 - Dangling pin <DIA5> on
   block:<inst_asciiunit/inst_charmap/Mrom__varindex00002>:<RAMB16BWE_RAMB16BWE>
   .
WARNING:PhysDesignRules:812 - Dangling pin <DIA6> on
   block:<inst_asciiunit/inst_charmap/Mrom__varindex00002>:<RAMB16BWE_RAMB16BWE>
   .
WARNING:PhysDesignRules:812 - Dangling pin <DIA7> on
   block:<inst_asciiunit/inst_charmap/Mrom__varindex00002>:<RAMB16BWE_RAMB16BWE>
   .
WARNING:PhysDesignRules:812 - Dangling pin <DIA8> on
   block:<inst_asciiunit/inst_charmap/Mrom__varindex00002>:<RAMB16BWE_RAMB16BWE>
   .
WARNING:PhysDesignRules:812 - Dangling pin <DIA9> on
   block:<inst_asciiunit/inst_charmap/Mrom__varindex00002>:<RAMB16BWE_RAMB16BWE>
   .
WARNING:PhysDesignRules:812 - Dangling pin <DIA10> on
   block:<inst_asciiunit/inst_charmap/Mrom__varindex00002>:<RAMB16BWE_RAMB16BWE>
   .
WARNING:PhysDesignRules:812 - Dangling pin <DIA11> on
   block:<inst_asciiunit/inst_charmap/Mrom__varindex00002>:<RAMB16BWE_RAMB16BWE>
   .
WARNING:PhysDesignRules:812 - Dangling pin <DIA12> on
   block:<inst_asciiunit/inst_charmap/Mrom__varindex00002>:<RAMB16BWE_RAMB16BWE>
   .
WARNING:PhysDesignRules:812 - Dangling pin <DIA13> on
   block:<inst_asciiunit/inst_charmap/Mrom__varindex00002>:<RAMB16BWE_RAMB16BWE>
   .
WARNING:PhysDesignRules:812 - Dangling pin <DIA14> on
   block:<inst_asciiunit/inst_charmap/Mrom__varindex00002>:<RAMB16BWE_RAMB16BWE>
   .
WARNING:PhysDesignRules:812 - Dangling pin <DIA15> on
   block:<inst_asciiunit/inst_charmap/Mrom__varindex00002>:<RAMB16BWE_RAMB16BWE>
   .
WARNING:PhysDesignRules:812 - Dangling pin <DIA16> on
   block:<inst_asciiunit/inst_charmap/Mrom__varindex00002>:<RAMB16BWE_RAMB16BWE>
   .
WARNING:PhysDesignRules:812 - Dangling pin <DIA17> on
   block:<inst_asciiunit/inst_charmap/Mrom__varindex00002>:<RAMB16BWE_RAMB16BWE>
   .
WARNING:PhysDesignRules:812 - Dangling pin <DIA18> on
   block:<inst_asciiunit/inst_charmap/Mrom__varindex00002>:<RAMB16BWE_RAMB16BWE>
   .
WARNING:PhysDesignRules:812 - Dangling pin <DIA19> on
   block:<inst_asciiunit/inst_charmap/Mrom__varindex00002>:<RAMB16BWE_RAMB16BWE>
   .
WARNING:PhysDesignRules:812 - Dangling pin <DIA20> on
   block:<inst_asciiunit/inst_charmap/Mrom__varindex00002>:<RAMB16BWE_RAMB16BWE>
   .
WARNING:PhysDesignRules:812 - Dangling pin <DIA21> on
   block:<inst_asciiunit/inst_charmap/Mrom__varindex00002>:<RAMB16BWE_RAMB16BWE>
   .
WARNING:PhysDesignRules:812 - Dangling pin <DIA22> on
   block:<inst_asciiunit/inst_charmap/Mrom__varindex00002>:<RAMB16BWE_RAMB16BWE>
   .
WARNING:PhysDesignRules:812 - Dangling pin <DIA23> on
   block:<inst_asciiunit/inst_charmap/Mrom__varindex00002>:<RAMB16BWE_RAMB16BWE>
   .
WARNING:PhysDesignRules:812 - Dangling pin <DIA24> on
   block:<inst_asciiunit/inst_charmap/Mrom__varindex00002>:<RAMB16BWE_RAMB16BWE>
   .
WARNING:PhysDesignRules:812 - Dangling pin <DIA25> on
   block:<inst_asciiunit/inst_charmap/Mrom__varindex00002>:<RAMB16BWE_RAMB16BWE>
   .
WARNING:PhysDesignRules:812 - Dangling pin <DIA26> on
   block:<inst_asciiunit/inst_charmap/Mrom__varindex00002>:<RAMB16BWE_RAMB16BWE>
   .
WARNING:PhysDesignRules:812 - Dangling pin <DIA27> on
   block:<inst_asciiunit/inst_charmap/Mrom__varindex00002>:<RAMB16BWE_RAMB16BWE>
   .
WARNING:PhysDesignRules:812 - Dangling pin <DIA28> on
   block:<inst_asciiunit/inst_charmap/Mrom__varindex00002>:<RAMB16BWE_RAMB16BWE>
   .
WARNING:PhysDesignRules:812 - Dangling pin <DIA29> on
   block:<inst_asciiunit/inst_charmap/Mrom__varindex00002>:<RAMB16BWE_RAMB16BWE>
   .
WARNING:PhysDesignRules:812 - Dangling pin <DIA30> on
   block:<inst_asciiunit/inst_charmap/Mrom__varindex00002>:<RAMB16BWE_RAMB16BWE>
   .
WARNING:PhysDesignRules:812 - Dangling pin <DIA31> on
   block:<inst_asciiunit/inst_charmap/Mrom__varindex00002>:<RAMB16BWE_RAMB16BWE>
   .

Design Summary:
Number of errors:      0
Number of warnings:   96
Logic Utilization:
  Number of Slice Flip Flops:         3,988 out of  11,776   33%
  Number of 4 input LUTs:             6,963 out of  11,776   59%
Logic Distribution:
  Number of occupied Slices:          5,111 out of   5,888   86%
    Number of Slices containing only related logic:   5,111 out of   5,111 100%
    Number of Slices containing unrelated logic:          0 out of   5,111   0%
      *See NOTES below for an explanation of the effects of unrelated logic.
  Total Number of 4 input LUTs:       7,258 out of  11,776   61%
    Number used as logic:             6,912
    Number used as a route-thru:        295
    Number used for Dual Port RAMs:      16
      (Two LUTs used per Dual Port RAM)
    Number used as Shift registers:      35

  The Slice Logic Distribution report is not meaningful if the design is
  over-mapped for a non-slice resource or if Placement fails.

  Number of bonded IOBs:                 81 out of     372   21%
    IOB Flip Flops:                      18
    IOB Master Pads:                      3
    IOB Slave Pads:                       3
  Number of ODDR2s used:                 24
    Number of DDR_ALIGNMENT = NONE       24
    Number of DDR_ALIGNMENT = C0          0
    Number of DDR_ALIGNMENT = C1          0
  Number of BUFGMUXs:                     7 out of      24   29%
  Number of DCMs:                         3 out of       8   37%
  Number of MULT18X18SIOs:                4 out of      20   20%
  Number of RAMB16BWEs:                   7 out of      20   35%

  Number of RPM macros:            1
Average Fanout of Non-Clock Nets:                3.38

Peak Memory Usage:  381 MB
Total REAL time to MAP completion:  13 secs 
Total CPU time to MAP completion:   11 secs 

NOTES:

   Related logic is defined as being logic that shares connectivity - e.g. two
   LUTs are "related" if they share common inputs.  When assembling slices,
   Map gives priority to combine logic that is related.  Doing so results in
   the best timing performance.

   Unrelated logic shares no connectivity.  Map will only begin packing
   unrelated logic into a slice once 99% of the slices are occupied through
   related logic packing.

   Note that once logic distribution reaches the 99% level through related
   logic packing, this does not mean the device is completely utilized.
   Unrelated logic packing will then begin, continuing until all usable LUTs
   and FFs are occupied.  Depending on your timing budget, increased levels of
   unrelated logic packing may adversely affect the overall timing performance
   of your design.

Mapping completed.
See MAP report file "toplevel.mrp" for details.

*** Running par
    with args -intstyle pa "toplevel.ncd" -w "toplevel_routed.ncd" -ol high




Constraints file: toplevel.pcf.
Loading device for application Rf_Device from file '3s700a.nph' in environment C:\Xilinx\14.7\ISE_DS\ISE\.
   "toplevel" is an NCD, version 3.2, device xc3s700a, package fg484, speed -4

Initializing temperature to 85.000 Celsius. (default - Range: 0.000 to 85.000 Celsius)
Initializing voltage to 1.140 Volts. (default - Range: 1.140 to 1.260 Volts)


Device speed data version:  "PRODUCTION 1.42 2013-10-13".


Design Summary Report:

 Number of External IOBs                          81 out of 372    21%

   Number of External Input IOBs                 12

      Number of External Input IBUFs             12
        Number of LOCed External Input IBUFs     12 out of 12    100%


   Number of External Output IOBs                58

      Number of External Output DIFFMs            2
        Number of LOCed External Output DIFFMs    2 out of 2     100%

      Number of External Output DIFFSs            2
        Number of LOCed External Output DIFFSs    2 out of 2     100%

      Number of External Output IOBs             54
        Number of LOCed External Output IOBs     54 out of 54    100%


   Number of External Bidir IOBs                 11

      Number of External Bidir DIFFMs             1
        Number of LOCed External Bidir DIFFMs     1 out of 1     100%

      Number of External Bidir DIFFSs             1
        Number of LOCed External Bidir DIFFSs     1 out of 1     100%

      Number of External Bidir IOBs               9
        Number of LOCed External Bidir IOBs       8 out of 9      88%


   Number of BUFGMUXs                        7 out of 24     29%
   Number of DCMs                            3 out of 8      37%
   Number of MULT18X18SIOs                   4 out of 20     20%
   Number of RAMB16BWEs                      7 out of 20     35%
   Number of Slices                       5111 out of 5888   86%
      Number of SLICEMs                     49 out of 2944    1%

   Number of LOCed Slices                   25 out of 5111    1%
      Number of LOCed SLICEMs               15 out of 49     30%



Overall effort level (-ol):   High 
Placer effort level (-pl):    High 
Placer cost table entry (-t): 1
Router effort level (-rl):    High 

Starting initial Timing Analysis.  REAL time: 7 secs 
Finished initial Timing Analysis.  REAL time: 8 secs 


Starting Placer
Total REAL time at the beginning of Placer: 8 secs 
Total CPU  time at the beginning of Placer: 6 secs 

Phase 1.1  Initial Placement Analysis
Phase 1.1  Initial Placement Analysis (Checksum:c3002b48) REAL time: 10 secs 

Phase 2.7  Design Feasibility Check
INFO:Place:834 - Only a subset of IOs are locked. Out of 63 IOs, 62 are locked and 1 are not locked. If you would like
   to print the names of these IOs, please set the environment variable XIL_PAR_DESIGN_CHECK_VERBOSE to 1. 
Phase 2.7  Design Feasibility Check (Checksum:c3002b48) REAL time: 10 secs 

Phase 3.31  Local Placement Optimization
Phase 3.31  Local Placement Optimization (Checksum:c3002b48) REAL time: 10 secs 

Phase 4.2  Initial Clock and IO Placement
......
Phase 4.2  Initial Clock and IO Placement (Checksum:b65190f5) REAL time: 13 secs 

Phase 5.30  Global Clock Region Assignment
Phase 5.30  Global Clock Region Assignment (Checksum:b65190f5) REAL time: 13 secs 

Phase 6.36  Local Placement Optimization
Phase 6.36  Local Placement Optimization (Checksum:b65190f5) REAL time: 13 secs 

Phase 7.8  Global Placement
.........................
.................................................................................................................................
.......................................
................................................................
.........................................................................................................
..................................................................
.............................................................................
.................................................
Phase 7.8  Global Placement (Checksum:c99d3a56) REAL time: 39 secs 

Phase 8.5  Local Placement Optimization
Phase 8.5  Local Placement Optimization (Checksum:c99d3a56) REAL time: 39 secs 

Phase 9.18  Placement Optimization
Phase 9.18  Placement Optimization (Checksum:d46bd179) REAL time: 1 mins 8 secs 

Phase 10.5  Local Placement Optimization
Phase 10.5  Local Placement Optimization (Checksum:d46bd179) REAL time: 1 mins 8 secs 

Total REAL time to Placer completion: 1 mins 8 secs 
Total CPU  time to Placer completion: 1 mins 5 secs 
Writing design to file toplevel_routed.ncd



Starting Router


Phase  1  : 33352 unrouted;      REAL time: 1 mins 16 secs 

Phase  2  : 30495 unrouted;      REAL time: 1 mins 16 secs 

Phase  3  : 9503 unrouted;      REAL time: 1 mins 20 secs 

Phase  4  : 11300 unrouted; (Setup:1101724, Hold:113652, Component Switching Limit:0)     REAL time: 1 mins 28 secs 
WARNING:Route:441 - The router has detected a very high timing score (1101724) for this design. It is extremely unlikely
   the router will be able to meet your timing requirements. To prevent excessive run time the router will change
   strategy. The router will now work to completely route this design but not to improve timing. This behavior will
   allow you to use the Static Timing Report and FPGA Editor to isolate the paths with timing problems. The cause of
   this behavior is either overly difficult constraints, or issues with the implementation or synthesis of logic in the
   critical timing path. If you would prefer the router continue trying to meet timing and you are willing to accept a
   long run time set the option "-xe c" to override the present behavior.

Phase  5  : 0 unrouted; (Setup:1495436, Hold:111084, Component Switching Limit:0)     REAL time: 1 mins 34 secs 

Updating file: toplevel_routed.ncd with current fully routed design.

Phase  6  : 0 unrouted; (Setup:1495436, Hold:111084, Component Switching Limit:0)     REAL time: 1 mins 37 secs 

Phase  7  : 0 unrouted; (Setup:1495436, Hold:111084, Component Switching Limit:0)     REAL time: 1 mins 38 secs 

Phase  8  : 0 unrouted; (Setup:1493852, Hold:0, Component Switching Limit:0)     REAL time: 1 mins 40 secs 

Phase  9  : 0 unrouted; (Setup:1467250, Hold:0, Component Switching Limit:0)     REAL time: 1 mins 41 secs 
WARNING:Route:455 - CLK Net:clk_cpu may have excessive skew because 
      0 CLK pins and 1 NON_CLK pins failed to route using a CLK template.
WARNING:Route:455 - CLK Net:clk_tb may have excessive skew because 
      0 CLK pins and 1 NON_CLK pins failed to route using a CLK template.

Total REAL time to Router completion: 1 mins 41 secs 
Total CPU time to Router completion: 1 mins 38 secs 

Partition Implementation Status
-------------------------------

  No Partitions were found in this design.

-------------------------------

Generating "PAR" statistics.

**************************
Generating Clock Report
**************************

+---------------------+--------------+------+------+------------+-------------+
|        Clock Net    |   Resource   |Locked|Fanout|Net Skew(ns)|Max Delay(ns)|
+---------------------+--------------+------+------+------------+-------------+
|      CPU/clk_alu_cu |  BUFGMUX_X1Y1| No   | 1385 |  0.257     |  1.234      |
+---------------------+--------------+------+------+------------+-------------+
|              clk_tb |  BUFGMUX_X2Y1| No   |  492 |  0.254     |  1.234      |
+---------------------+--------------+------+------+------------+-------------+
|             clk_cpu | BUFGMUX_X1Y11| No   |   44 |  0.091     |  1.085      |
+---------------------+--------------+------+------+------------+-------------+
|               clk25 | BUFGMUX_X2Y10| No   |  550 |  0.166     |  1.145      |
+---------------------+--------------+------+------+------------+-------------+
|            clk90_tb |  BUFGMUX_X1Y0| No   |   76 |  0.158     |  1.137      |
+---------------------+--------------+------+------+------------+-------------+
|INST_DDR2_RAM_CORE/t |              |      |      |            |             |
|op_00/data_path0/dqs |              |      |      |            |             |
|    _delayed_col1[0] |         Local|      |    5 |  0.072     |  2.033      |
+---------------------+--------------+------+------+------------+-------------+
|INST_DDR2_RAM_CORE/t |              |      |      |            |             |
|op_00/data_path0/dqs |              |      |      |            |             |
|    _delayed_col0[0] |         Local|      |    7 |  0.061     |  1.684      |
+---------------------+--------------+------+------+------------+-------------+

* Net Skew is the difference between the minimum and maximum routing
only delays for the net. Note this is different from Clock Skew which
is reported in TRCE timing report. Clock Skew is the difference between
the minimum and maximum path delays which includes logic delays.

* The fanout is the number of component pins not the individual BEL loads,
for example SLICE loads not FF loads.

Timing Score: 1467250 (Setup: 1467250, Hold: 0, Component Switching Limit: 0)

WARNING:Par:468 - Your design did not meet timing.  The following are some suggestions to assist you to meet timing in
   your design.

   Review the timing report using Timing Analyzer (In ISE select "Post-Place &
   Route Static Timing Report"). Go to the failing constraint(s) and evaluate the failing paths for each constraint.

   Try the Design Goal and Strategies for Timing Performance(In ISE select Project -> Design Goals & Strategies) to
   ensure the best options are set in the tools for timing closure.

   Use the Xilinx "SmartXplorer" script to try special combinations of
   options known to produce very good results.

   Visit the Xilinx technical support web at http://support.xilinx.com and go to
   either "Troubleshoot->Tech Tips->Timing & Constraints" or "
   TechXclusives->Timing Closure" for tips and suggestions for meeting timing
   in your design.

Number of Timing Constraints that were not applied: 6

Asterisk (*) preceding a constraint indicates it was not met.
   This may be due to a setup or hold violation.

----------------------------------------------------------------------------------------------------------
  Constraint                                |    Check    | Worst Case |  Best Case | Timing |   Timing   
                                            |             |    Slack   | Achievable | Errors |    Score   
----------------------------------------------------------------------------------------------------------
* PERIOD analysis for net "Inst_vga_clk/CLK | SETUP       |    -8.359ns|    31.069ns|     454|      755810
  0_BUF" derived from  NET "clk133/CLKIN_IB | HOLD        |     0.005ns|            |       0|           0
  UFG" PERIOD = 20 ns HIGH 40%              |             |            |            |        |            
----------------------------------------------------------------------------------------------------------
* PERIOD analysis for net "INST_DDR2_RAM_CO | SETUP       |    -3.871ns|    14.360ns|     405|      668518
  RE/infrastructure_top0/clk_dcm0/clk0dcm"  | HOLD        |     0.158ns|            |       0|           0
  derived from  PERIOD analysis for net "cl |             |            |            |        |            
  k133/CLKFX_BUF" derived from NET "clk133/ |             |            |            |        |            
  CLKIN_IBUFG" PERIOD = 20 ns HIGH 40%      |             |            |            |        |            
----------------------------------------------------------------------------------------------------------
* PERIOD analysis for net "Inst_vga_clk/CLK | SETUP       |    -3.386ns|    60.314ns|      16|       42312
  DV_BUF" derived from  NET "clk133/CLKIN_I | HOLD        |     1.168ns|            |       0|           0
  BUFG" PERIOD = 20 ns HIGH 40%             |             |            |            |        |            
----------------------------------------------------------------------------------------------------------
* NET "INST_DDR2_RAM_CORE/top_00/dqs_div_rs | MAXDELAY    |    -0.323ns|     0.783ns|       1|         323
  t" MAXDELAY = 0.46 ns                     |             |            |            |        |            
----------------------------------------------------------------------------------------------------------
* NET "INST_DDR2_RAM_CORE/top_00/dqs_int_de | MAXDELAY    |    -0.146ns|     0.726ns|       1|         146
  lay_in[0]" MAXDELAY = 0.58 ns             |             |            |            |        |            
----------------------------------------------------------------------------------------------------------
* NET         "INST_DDR2_RAM_CORE/top_00/da | MAXDELAY    |    -0.141ns|     0.341ns|       1|         141
  ta_path0/data_read_controller0/rst_dqs_di |             |            |            |        |            
  v_delayed/delay2"         MAXDELAY = 0.2  |             |            |            |        |            
  ns                                        |             |            |            |        |            
----------------------------------------------------------------------------------------------------------
  NET         "INST_DDR2_RAM_CORE/top_00/da | MAXDELAY    |     0.004ns|     0.186ns|       0|           0
  ta_path0/data_read_controller0/gen_delay[ |             |            |            |        |            
  0].dqs_delay_col1/delay2"         MAXDELA |             |            |            |        |            
  Y = 0.19 ns                               |             |            |            |        |            
----------------------------------------------------------------------------------------------------------
  NET         "INST_DDR2_RAM_CORE/top_00/da | MAXDELAY    |     0.004ns|     0.186ns|       0|           0
  ta_path0/data_read_controller0/gen_delay[ |             |            |            |        |            
  0].dqs_delay_col0/delay2"         MAXDELA |             |            |            |        |            
  Y = 0.19 ns                               |             |            |            |        |            
----------------------------------------------------------------------------------------------------------
  NET "INST_DDR2_RAM_CORE/infrastructure_to | MAXDELAY    |     0.017ns|     0.383ns|       0|           0
  p0/cal_top0/tap_dly0/tap[15]"         MAX |             |            |            |        |            
  DELAY = 0.4 ns                            |             |            |            |        |            
----------------------------------------------------------------------------------------------------------
  NET         "INST_DDR2_RAM_CORE/top_00/da | MAXDELAY    |     0.025ns|     0.165ns|       0|           0
  ta_path0/data_read_controller0/gen_delay[ |             |            |            |        |            
  0].dqs_delay_col1/delay1"         MAXDELA |             |            |            |        |            
  Y = 0.19 ns                               |             |            |            |        |            
----------------------------------------------------------------------------------------------------------
  NET         "INST_DDR2_RAM_CORE/top_00/da | MAXDELAY    |     0.025ns|     0.165ns|       0|           0
  ta_path0/data_read_controller0/gen_delay[ |             |            |            |        |            
  0].dqs_delay_col0/delay1"         MAXDELA |             |            |            |        |            
  Y = 0.19 ns                               |             |            |            |        |            
----------------------------------------------------------------------------------------------------------
  NET "INST_DDR2_RAM_CORE/infrastructure_to | MAXDELAY    |     0.035ns|     0.365ns|       0|           0
  p0/cal_top0/tap_dly0/tap[7]" MAXDELAY     |             |            |            |        |            
       = 0.4 ns                             |             |            |            |        |            
----------------------------------------------------------------------------------------------------------
  NET "INST_DDR2_RAM_CORE/infrastructure_to | MAXDELAY    |     0.035ns|     0.365ns|       0|           0
  p0/cal_top0/tap_dly0/tap[23]"         MAX |             |            |            |        |            
  DELAY = 0.4 ns                            |             |            |            |        |            
----------------------------------------------------------------------------------------------------------
  NET         "INST_DDR2_RAM_CORE/top_00/da | MAXDELAY    |     0.035ns|     0.155ns|       0|           0
  ta_path0/data_read_controller0/gen_delay[ |             |            |            |        |            
  0].dqs_delay_col1/delay5"         MAXDELA |             |            |            |        |            
  Y = 0.19 ns                               |             |            |            |        |            
----------------------------------------------------------------------------------------------------------
  NET         "INST_DDR2_RAM_CORE/top_00/da | MAXDELAY    |     0.035ns|     0.155ns|       0|           0
  ta_path0/data_read_controller0/gen_delay[ |             |            |            |        |            
  0].dqs_delay_col0/delay5"         MAXDELA |             |            |            |        |            
  Y = 0.19 ns                               |             |            |            |        |            
----------------------------------------------------------------------------------------------------------
  NET         "INST_DDR2_RAM_CORE/top_00/da | MAXDELAY    |     0.045ns|     0.155ns|       0|           0
  ta_path0/data_read_controller0/rst_dqs_di |             |            |            |        |            
  v_delayed/delay3"         MAXDELAY = 0.2  |             |            |            |        |            
  ns                                        |             |            |            |        |            
----------------------------------------------------------------------------------------------------------
  NET         "INST_DDR2_RAM_CORE/top_00/da | MAXDELAY    |     0.069ns|     0.121ns|       0|           0
  ta_path0/data_read_controller0/gen_delay[ |             |            |            |        |            
  0].dqs_delay_col0/delay3"         MAXDELA |             |            |            |        |            
  Y = 0.19 ns                               |             |            |            |        |            
----------------------------------------------------------------------------------------------------------
  NET         "INST_DDR2_RAM_CORE/top_00/da | MAXDELAY    |     0.069ns|     0.121ns|       0|           0
  ta_path0/data_read_controller0/gen_delay[ |             |            |            |        |            
  0].dqs_delay_col1/delay3"         MAXDELA |             |            |            |        |            
  Y = 0.19 ns                               |             |            |            |        |            
----------------------------------------------------------------------------------------------------------
  NET         "INST_DDR2_RAM_CORE/top_00/da | MAXDELAY    |     0.085ns|     0.105ns|       0|           0
  ta_path0/data_read_controller0/gen_delay[ |             |            |            |        |            
  0].dqs_delay_col0/delay4"         MAXDELA |             |            |            |        |            
  Y = 0.19 ns                               |             |            |            |        |            
----------------------------------------------------------------------------------------------------------
  NET         "INST_DDR2_RAM_CORE/top_00/da | MAXDELAY    |     0.085ns|     0.105ns|       0|           0
  ta_path0/data_read_controller0/gen_delay[ |             |            |            |        |            
  0].dqs_delay_col1/delay4"         MAXDELA |             |            |            |        |            
  Y = 0.19 ns                               |             |            |            |        |            
----------------------------------------------------------------------------------------------------------
  NET         "INST_DDR2_RAM_CORE/top_00/da | MAXDELAY    |     0.126ns|     0.074ns|       0|           0
  ta_path0/data_read_controller0/rst_dqs_di |             |            |            |        |            
  v_delayed/delay5"         MAXDELAY = 0.2  |             |            |            |        |            
  ns                                        |             |            |            |        |            
----------------------------------------------------------------------------------------------------------
  NET         "INST_DDR2_RAM_CORE/top_00/da | MAXDELAY    |     0.154ns|     0.046ns|       0|           0
  ta_path0/data_read_controller0/rst_dqs_di |             |            |            |        |            
  v_delayed/delay4"         MAXDELAY = 0.2  |             |            |            |        |            
  ns                                        |             |            |            |        |            
----------------------------------------------------------------------------------------------------------
  NET         "INST_DDR2_RAM_CORE/top_00/da | MAXDELAY    |     0.156ns|     0.044ns|       0|           0
  ta_path0/data_read_controller0/rst_dqs_di |             |            |            |        |            
  v_delayed/delay1"         MAXDELAY = 0.2  |             |            |            |        |            
  ns                                        |             |            |            |        |            
----------------------------------------------------------------------------------------------------------
  PERIOD analysis for net "INST_DDR2_RAM_CO | SETUP       |     0.955ns|     5.600ns|       0|           0
  RE/infrastructure_top0/clk_dcm0/clk90dcm" | HOLD        |     0.896ns|            |       0|           0
   derived from  PERIOD analysis for net "c |             |            |            |        |            
  lk133/CLKFX_BUF" derived from NET "clk133 |             |            |            |        |            
  /CLKIN_IBUFG" PERIOD = 20 ns HIGH 40%     |             |            |            |        |            
----------------------------------------------------------------------------------------------------------
  NET "INST_DDR2_RAM_CORE/top_00/data_path0 | MAXDELAY    |     1.363ns|     1.644ns|       0|           0
  /fifo_1_wr_en[0]" MAXDELAY = 3.007        |             |            |            |        |            
    ns                                      |             |            |            |        |            
----------------------------------------------------------------------------------------------------------
  NET "INST_DDR2_RAM_CORE/top_00/data_path0 | MAXDELAY    |     1.887ns|     1.120ns|       0|           0
  /data_read_controller0/rst_dqs_div"       |             |            |            |        |            
     MAXDELAY = 3.007 ns                    |             |            |            |        |            
----------------------------------------------------------------------------------------------------------
  PERIOD analysis for net "clk133/CLKFX_BUF | MINLOWPULSE |     2.666ns|     4.000ns|       0|           0
  " derived from  NET "clk133/CLKIN_IBUFG"  |             |            |            |        |            
  PERIOD = 20 ns HIGH 40%                   |             |            |            |        |            
----------------------------------------------------------------------------------------------------------
  TS_SYS_CLK = PERIOD TIMEGRP "SYS_CLK" 7.5 | MINLOWPULSE |     2.718ns|     4.800ns|       0|           0
  187 ns HIGH 50%                           |             |            |            |        |            
----------------------------------------------------------------------------------------------------------
  TS_INST_DDR2_RAM_CORE_infrastructure_top0 | MINPERIOD   |     3.947ns|     3.571ns|       0|           0
  _clk_dcm0_clk0dcm = PERIOD TIMEGRP        |             |            |            |        |            
    "INST_DDR2_RAM_CORE_infrastructure_top0 |             |            |            |        |            
  _clk_dcm0_clk0dcm" TS_SYS_CLK         HIG |             |            |            |        |            
  H 50%                                     |             |            |            |        |            
----------------------------------------------------------------------------------------------------------
  TS_INST_DDR2_RAM_CORE_infrastructure_top0 | MINLOWPULSE |     4.314ns|     3.204ns|       0|           0
  _clk_dcm0_clk90dcm = PERIOD TIMEGRP       |             |            |            |        |            
     "INST_DDR2_RAM_CORE_infrastructure_top |             |            |            |        |            
  0_clk_dcm0_clk90dcm" TS_SYS_CLK         P |             |            |            |        |            
  HASE 1.879675 ns HIGH 50%                 |             |            |            |        |            
----------------------------------------------------------------------------------------------------------
  NET "INST_DDR2_RAM_CORE/top_00/data_path0 | MAXDELAY    |     4.358ns|     2.032ns|       0|           0
  /fifo_1_wr_addr[2]" MAXDELAY = 6.39       |             |            |            |        |            
     ns                                     |             |            |            |        |            
----------------------------------------------------------------------------------------------------------
  NET "INST_DDR2_RAM_CORE/top_00/data_path0 | MAXDELAY    |     4.562ns|     1.828ns|       0|           0
  /fifo_1_wr_addr[0]" MAXDELAY = 6.39       |             |            |            |        |            
     ns                                     |             |            |            |        |            
----------------------------------------------------------------------------------------------------------
  NET "INST_DDR2_RAM_CORE/top_00/data_path0 | MAXDELAY    |     4.709ns|     1.681ns|       0|           0
  /fifo_1_wr_addr[3]" MAXDELAY = 6.39       |             |            |            |        |            
     ns                                     |             |            |            |        |            
----------------------------------------------------------------------------------------------------------
  NET "INST_DDR2_RAM_CORE/top_00/data_path0 | MAXDELAY    |     4.788ns|     1.602ns|       0|           0
  /fifo_1_wr_addr[1]" MAXDELAY = 6.39       |             |            |            |        |            
     ns                                     |             |            |            |        |            
----------------------------------------------------------------------------------------------------------
  NET "clk133/CLKIN_IBUFG" PERIOD = 20 ns H | MINHIGHPULSE|    12.500ns|     7.500ns|       0|           0
  IGH 40%                                   |             |            |            |        |            
----------------------------------------------------------------------------------------------------------
  PERIOD analysis for net "clk133/CLK0_BUF" | MINLOWPULSE |    14.000ns|     6.000ns|       0|           0
   derived from  NET "clk133/CLKIN_IBUFG" P |             |            |            |        |            
  ERIOD = 20 ns HIGH 40%                    |             |            |            |        |            
----------------------------------------------------------------------------------------------------------


Derived Constraint Report
Review Timing Report for more details on the following derived constraints.
To create a Timing Report, run "trce -v 12 -fastpaths -o design_timing_report design.ncd design.pcf"
or "Run Timing Analysis" from Timing Analyzer (timingan).
Derived Constraints for clk133/CLKIN_IBUFG
+-------------------------------+-------------+-------------+-------------+-------------+-------------+-------------+-------------+
|                               |   Period    |       Actual Period       |      Timing Errors        |      Paths Analyzed       |
|           Constraint          | Requirement |-------------+-------------|-------------+-------------|-------------+-------------|
|                               |             |   Direct    | Derivative  |   Direct    | Derivative  |   Direct    | Derivative  |
+-------------------------------+-------------+-------------+-------------+-------------+-------------+-------------+-------------+
|clk133/CLKIN_IBUFG             |     20.000ns|      7.500ns|     43.080ns|            0|          875|            0|    275969053|
| clk133/CLK0_BUF               |     20.000ns|      6.000ns|     31.069ns|            0|          470|            0|    275958040|
|  Inst_vga_clk/CLKDV_BUF       |     40.000ns|     60.314ns|          N/A|           16|            0|         8295|            0|
|  Inst_vga_clk/CLK0_BUF        |     20.000ns|     31.069ns|          N/A|          454|            0|    275949745|            0|
| clk133/CLKFX_BUF              |      6.667ns|      4.000ns|     14.360ns|            0|          405|            0|        11013|
|  INST_DDR2_RAM_CORE/infrastruc|      6.667ns|     14.360ns|          N/A|          405|            0|        10743|            0|
|  ture_top0/clk_dcm0/clk0dcm   |             |             |             |             |             |             |             |
|  INST_DDR2_RAM_CORE/infrastruc|      6.667ns|      5.600ns|          N/A|            0|            0|          270|            0|
|  ture_top0/clk_dcm0/clk90dcm  |             |             |             |             |             |             |             |
+-------------------------------+-------------+-------------+-------------+-------------+-------------+-------------+-------------+

Derived Constraints for TS_SYS_CLK
+-------------------------------+-------------+-------------+-------------+-------------+-------------+-------------+-------------+
|                               |   Period    |       Actual Period       |      Timing Errors        |      Paths Analyzed       |
|           Constraint          | Requirement |-------------+-------------|-------------+-------------|-------------+-------------|
|                               |             |   Direct    | Derivative  |   Direct    | Derivative  |   Direct    | Derivative  |
+-------------------------------+-------------+-------------+-------------+-------------+-------------+-------------+-------------+
|TS_SYS_CLK                     |      7.519ns|      4.800ns|      3.571ns|            0|            0|            0|            0|
| TS_INST_DDR2_RAM_CORE_infrastr|      7.519ns|      3.571ns|          N/A|            0|            0|            0|            0|
| ucture_top0_clk_dcm0_clk0dcm  |             |             |             |             |             |             |             |
| TS_INST_DDR2_RAM_CORE_infrastr|      7.519ns|      3.204ns|          N/A|            0|            0|            0|            0|
| ucture_top0_clk_dcm0_clk90dcm |             |             |             |             |             |             |             |
+-------------------------------+-------------+-------------+-------------+-------------+-------------+-------------+-------------+

6 constraints not met.


Generating Pad Report.

All signals are completely routed.

Total REAL time to PAR completion: 1 mins 43 secs 
Total CPU time to PAR completion: 1 mins 40 secs 

Peak Memory Usage:  464 MB

Placement: Completed - No errors found.
Routing: Completed - No errors found.
Timing: Completed - 878 errors found.

Number of error messages: 0
Number of warning messages: 4
Number of info messages: 1

Writing design to file toplevel_routed.ncd



PAR done!

*** Running trce
    with args -intstyle ise -o "toplevel.twr" -v 3 -l 30 -nodatasheet -fastpaths "toplevel_routed.ncd" "toplevel.pcf"

Loading device for application Rf_Device from file '3s700a.nph' in environment
C:\Xilinx\14.7\ISE_DS\ISE\.
   "toplevel" is an NCD, version 3.2, device xc3s700a, package fg484, speed -4

Analysis completed Thu Jan 19 20:54:21 2017
--------------------------------------------------------------------------------

Generating Report ...

Number of warnings: 0
Total time: 8 secs 

*** Running xdl
    with args -secure -ncd2xdl -nopips "toplevel_routed.ncd" "toplevel_routed.xdl"

Release 14.7 - xdl P.20131013 (nt64)
Copyright (c) 1995-2013 Xilinx, Inc.  All rights reserved.

WARNING:XDL:213 - The resulting xdl output will not have LUT equation strings or RAM INIT strings.
Loading device for application Rf_Device from file '3s700a.nph' in environment C:\Xilinx\14.7\ISE_DS\ISE\.
   "toplevel" is an NCD, version 3.2, device xc3s700a, package fg484, speed -4
Successfully converted design 'toplevel_routed.ncd' to 'toplevel_routed.xdl'.

*** Running bitgen
    with args "toplevel_routed.ncd" "toplevel.bit" "toplevel.pcf" -w -intstyle pa

WARNING:PhysDesignRules:372 - Gated clock. Clock net
   INST_DDR2_RAM_CORE/top_00/data_path0/dqs_delayed_col1[0] is sourced by a
   combinatorial pin. This is not good design practice. Use the CE pin to
   control the loading of data into the flip-flop.
WARNING:PhysDesignRules:372 - Gated clock. Clock net
   INST_DDR2_RAM_CORE/top_00/data_path0/dqs_delayed_col0[0] is sourced by a
   combinatorial pin. This is not good design practice. Use the CE pin to
   control the loading of data into the flip-flop.
INFO:PhysDesignRules:772 - To achieve optimal frequency synthesis performance
   with the CLKFX and CLKFX180 outputs of the DCM comp clk133/DCM_SP_INST,
   consult the device Interactive Data Sheet.
WARNING:PhysDesignRules:812 - Dangling pin <DIA0> on
   block:<inst_asciiunit/inst_charmap/Mrom__varindex00001>:<RAMB16BWE_RAMB16BWE>
   .
WARNING:PhysDesignRules:812 - Dangling pin <DIA1> on
   block:<inst_asciiunit/inst_charmap/Mrom__varindex00001>:<RAMB16BWE_RAMB16BWE>
   .
WARNING:PhysDesignRules:812 - Dangling pin <DIA2> on
   block:<inst_asciiunit/inst_charmap/Mrom__varindex00001>:<RAMB16BWE_RAMB16BWE>
   .
WARNING:PhysDesignRules:812 - Dangling pin <DIA3> on
   block:<inst_asciiunit/inst_charmap/Mrom__varindex00001>:<RAMB16BWE_RAMB16BWE>
   .
WARNING:PhysDesignRules:812 - Dangling pin <DIA4> on
   block:<inst_asciiunit/inst_charmap/Mrom__varindex00001>:<RAMB16BWE_RAMB16BWE>
   .
WARNING:PhysDesignRules:812 - Dangling pin <DIA5> on
   block:<inst_asciiunit/inst_charmap/Mrom__varindex00001>:<RAMB16BWE_RAMB16BWE>
   .
WARNING:PhysDesignRules:812 - Dangling pin <DIA6> on
   block:<inst_asciiunit/inst_charmap/Mrom__varindex00001>:<RAMB16BWE_RAMB16BWE>
   .
WARNING:PhysDesignRules:812 - Dangling pin <DIA7> on
   block:<inst_asciiunit/inst_charmap/Mrom__varindex00001>:<RAMB16BWE_RAMB16BWE>
   .
WARNING:PhysDesignRules:812 - Dangling pin <DIA8> on
   block:<inst_asciiunit/inst_charmap/Mrom__varindex00001>:<RAMB16BWE_RAMB16BWE>
   .
WARNING:PhysDesignRules:812 - Dangling pin <DIA9> on
   block:<inst_asciiunit/inst_charmap/Mrom__varindex00001>:<RAMB16BWE_RAMB16BWE>
   .
WARNING:PhysDesignRules:812 - Dangling pin <DIA10> on
   block:<inst_asciiunit/inst_charmap/Mrom__varindex00001>:<RAMB16BWE_RAMB16BWE>
   .
WARNING:PhysDesignRules:812 - Dangling pin <DIA11> on
   block:<inst_asciiunit/inst_charmap/Mrom__varindex00001>:<RAMB16BWE_RAMB16BWE>
   .
WARNING:PhysDesignRules:812 - Dangling pin <DIA12> on
   block:<inst_asciiunit/inst_charmap/Mrom__varindex00001>:<RAMB16BWE_RAMB16BWE>
   .
WARNING:PhysDesignRules:812 - Dangling pin <DIA13> on
   block:<inst_asciiunit/inst_charmap/Mrom__varindex00001>:<RAMB16BWE_RAMB16BWE>
   .
WARNING:PhysDesignRules:812 - Dangling pin <DIA14> on
   block:<inst_asciiunit/inst_charmap/Mrom__varindex00001>:<RAMB16BWE_RAMB16BWE>
   .
WARNING:PhysDesignRules:812 - Dangling pin <DIA15> on
   block:<inst_asciiunit/inst_charmap/Mrom__varindex00001>:<RAMB16BWE_RAMB16BWE>
   .
WARNING:PhysDesignRules:812 - Dangling pin <DIA16> on
   block:<inst_asciiunit/inst_charmap/Mrom__varindex00001>:<RAMB16BWE_RAMB16BWE>
   .
WARNING:PhysDesignRules:812 - Dangling pin <DIA17> on
   block:<inst_asciiunit/inst_charmap/Mrom__varindex00001>:<RAMB16BWE_RAMB16BWE>
   .
WARNING:PhysDesignRules:812 - Dangling pin <DIA18> on
   block:<inst_asciiunit/inst_charmap/Mrom__varindex00001>:<RAMB16BWE_RAMB16BWE>
   .
WARNING:PhysDesignRules:812 - Dangling pin <DIA19> on
   block:<inst_asciiunit/inst_charmap/Mrom__varindex00001>:<RAMB16BWE_RAMB16BWE>
   .
WARNING:PhysDesignRules:812 - Dangling pin <DIA20> on
   block:<inst_asciiunit/inst_charmap/Mrom__varindex00001>:<RAMB16BWE_RAMB16BWE>
   .
WARNING:PhysDesignRules:812 - Dangling pin <DIA21> on
   block:<inst_asciiunit/inst_charmap/Mrom__varindex00001>:<RAMB16BWE_RAMB16BWE>
   .
WARNING:PhysDesignRules:812 - Dangling pin <DIA22> on
   block:<inst_asciiunit/inst_charmap/Mrom__varindex00001>:<RAMB16BWE_RAMB16BWE>
   .
WARNING:PhysDesignRules:812 - Dangling pin <DIA23> on
   block:<inst_asciiunit/inst_charmap/Mrom__varindex00001>:<RAMB16BWE_RAMB16BWE>
   .
WARNING:PhysDesignRules:812 - Dangling pin <DIA24> on
   block:<inst_asciiunit/inst_charmap/Mrom__varindex00001>:<RAMB16BWE_RAMB16BWE>
   .
WARNING:PhysDesignRules:812 - Dangling pin <DIA25> on
   block:<inst_asciiunit/inst_charmap/Mrom__varindex00001>:<RAMB16BWE_RAMB16BWE>
   .
WARNING:PhysDesignRules:812 - Dangling pin <DIA26> on
   block:<inst_asciiunit/inst_charmap/Mrom__varindex00001>:<RAMB16BWE_RAMB16BWE>
   .
WARNING:PhysDesignRules:812 - Dangling pin <DIA27> on
   block:<inst_asciiunit/inst_charmap/Mrom__varindex00001>:<RAMB16BWE_RAMB16BWE>
   .
WARNING:PhysDesignRules:812 - Dangling pin <DIA28> on
   block:<inst_asciiunit/inst_charmap/Mrom__varindex00001>:<RAMB16BWE_RAMB16BWE>
   .
WARNING:PhysDesignRules:812 - Dangling pin <DIA29> on
   block:<inst_asciiunit/inst_charmap/Mrom__varindex00001>:<RAMB16BWE_RAMB16BWE>
   .
WARNING:PhysDesignRules:812 - Dangling pin <DIA30> on
   block:<inst_asciiunit/inst_charmap/Mrom__varindex00001>:<RAMB16BWE_RAMB16BWE>
   .
WARNING:PhysDesignRules:812 - Dangling pin <DIA31> on
   block:<inst_asciiunit/inst_charmap/Mrom__varindex00001>:<RAMB16BWE_RAMB16BWE>
   .
WARNING:PhysDesignRules:812 - Dangling pin <DIA0> on
   block:<inst_asciiunit/inst_charmap/Mrom__varindex00002>:<RAMB16BWE_RAMB16BWE>
   .
WARNING:PhysDesignRules:812 - Dangling pin <DIA1> on
   block:<inst_asciiunit/inst_charmap/Mrom__varindex00002>:<RAMB16BWE_RAMB16BWE>
   .
WARNING:PhysDesignRules:812 - Dangling pin <DIA2> on
   block:<inst_asciiunit/inst_charmap/Mrom__varindex00002>:<RAMB16BWE_RAMB16BWE>
   .
WARNING:PhysDesignRules:812 - Dangling pin <DIA3> on
   block:<inst_asciiunit/inst_charmap/Mrom__varindex00002>:<RAMB16BWE_RAMB16BWE>
   .
WARNING:PhysDesignRules:812 - Dangling pin <DIA4> on
   block:<inst_asciiunit/inst_charmap/Mrom__varindex00002>:<RAMB16BWE_RAMB16BWE>
   .
WARNING:PhysDesignRules:812 - Dangling pin <DIA5> on
   block:<inst_asciiunit/inst_charmap/Mrom__varindex00002>:<RAMB16BWE_RAMB16BWE>
   .
WARNING:PhysDesignRules:812 - Dangling pin <DIA6> on
   block:<inst_asciiunit/inst_charmap/Mrom__varindex00002>:<RAMB16BWE_RAMB16BWE>
   .
WARNING:PhysDesignRules:812 - Dangling pin <DIA7> on
   block:<inst_asciiunit/inst_charmap/Mrom__varindex00002>:<RAMB16BWE_RAMB16BWE>
   .
WARNING:PhysDesignRules:812 - Dangling pin <DIA8> on
   block:<inst_asciiunit/inst_charmap/Mrom__varindex00002>:<RAMB16BWE_RAMB16BWE>
   .
WARNING:PhysDesignRules:812 - Dangling pin <DIA9> on
   block:<inst_asciiunit/inst_charmap/Mrom__varindex00002>:<RAMB16BWE_RAMB16BWE>
   .
WARNING:PhysDesignRules:812 - Dangling pin <DIA10> on
   block:<inst_asciiunit/inst_charmap/Mrom__varindex00002>:<RAMB16BWE_RAMB16BWE>
   .
WARNING:PhysDesignRules:812 - Dangling pin <DIA11> on
   block:<inst_asciiunit/inst_charmap/Mrom__varindex00002>:<RAMB16BWE_RAMB16BWE>
   .
WARNING:PhysDesignRules:812 - Dangling pin <DIA12> on
   block:<inst_asciiunit/inst_charmap/Mrom__varindex00002>:<RAMB16BWE_RAMB16BWE>
   .
WARNING:PhysDesignRules:812 - Dangling pin <DIA13> on
   block:<inst_asciiunit/inst_charmap/Mrom__varindex00002>:<RAMB16BWE_RAMB16BWE>
   .
WARNING:PhysDesignRules:812 - Dangling pin <DIA14> on
   block:<inst_asciiunit/inst_charmap/Mrom__varindex00002>:<RAMB16BWE_RAMB16BWE>
   .
WARNING:PhysDesignRules:812 - Dangling pin <DIA15> on
   block:<inst_asciiunit/inst_charmap/Mrom__varindex00002>:<RAMB16BWE_RAMB16BWE>
   .
WARNING:PhysDesignRules:812 - Dangling pin <DIA16> on
   block:<inst_asciiunit/inst_charmap/Mrom__varindex00002>:<RAMB16BWE_RAMB16BWE>
   .
WARNING:PhysDesignRules:812 - Dangling pin <DIA17> on
   block:<inst_asciiunit/inst_charmap/Mrom__varindex00002>:<RAMB16BWE_RAMB16BWE>
   .
WARNING:PhysDesignRules:812 - Dangling pin <DIA18> on
   block:<inst_asciiunit/inst_charmap/Mrom__varindex00002>:<RAMB16BWE_RAMB16BWE>
   .
WARNING:PhysDesignRules:812 - Dangling pin <DIA19> on
   block:<inst_asciiunit/inst_charmap/Mrom__varindex00002>:<RAMB16BWE_RAMB16BWE>
   .
WARNING:PhysDesignRules:812 - Dangling pin <DIA20> on
   block:<inst_asciiunit/inst_charmap/Mrom__varindex00002>:<RAMB16BWE_RAMB16BWE>
   .
WARNING:PhysDesignRules:812 - Dangling pin <DIA21> on
   block:<inst_asciiunit/inst_charmap/Mrom__varindex00002>:<RAMB16BWE_RAMB16BWE>
   .
WARNING:PhysDesignRules:812 - Dangling pin <DIA22> on
   block:<inst_asciiunit/inst_charmap/Mrom__varindex00002>:<RAMB16BWE_RAMB16BWE>
   .
WARNING:PhysDesignRules:812 - Dangling pin <DIA23> on
   block:<inst_asciiunit/inst_charmap/Mrom__varindex00002>:<RAMB16BWE_RAMB16BWE>
   .
WARNING:PhysDesignRules:812 - Dangling pin <DIA24> on
   block:<inst_asciiunit/inst_charmap/Mrom__varindex00002>:<RAMB16BWE_RAMB16BWE>
   .
WARNING:PhysDesignRules:812 - Dangling pin <DIA25> on
   block:<inst_asciiunit/inst_charmap/Mrom__varindex00002>:<RAMB16BWE_RAMB16BWE>
   .
WARNING:PhysDesignRules:812 - Dangling pin <DIA26> on
   block:<inst_asciiunit/inst_charmap/Mrom__varindex00002>:<RAMB16BWE_RAMB16BWE>
   .
WARNING:PhysDesignRules:812 - Dangling pin <DIA27> on
   block:<inst_asciiunit/inst_charmap/Mrom__varindex00002>:<RAMB16BWE_RAMB16BWE>
   .
WARNING:PhysDesignRules:812 - Dangling pin <DIA28> on
   block:<inst_asciiunit/inst_charmap/Mrom__varindex00002>:<RAMB16BWE_RAMB16BWE>
   .
WARNING:PhysDesignRules:812 - Dangling pin <DIA29> on
   block:<inst_asciiunit/inst_charmap/Mrom__varindex00002>:<RAMB16BWE_RAMB16BWE>
   .
WARNING:PhysDesignRules:812 - Dangling pin <DIA30> on
   block:<inst_asciiunit/inst_charmap/Mrom__varindex00002>:<RAMB16BWE_RAMB16BWE>
   .
WARNING:PhysDesignRules:812 - Dangling pin <DIA31> on
   block:<inst_asciiunit/inst_charmap/Mrom__varindex00002>:<RAMB16BWE_RAMB16BWE>
   .
