Command line:
   toplevel.exe
     -simmode  gui
     -simrunnum  0
     -socket  63036

Thu Jan 19 21:03:55 2017


 Elaboration Time: 0.171875 sec

 Current Memory Usage: 910.426 Meg

 Total Signals          : 3707
 Total Nets             : 77067
 Total Signal Drivers   : 1520
 Total Blocks           : 573
 Total Primitive Blocks : 401
 Total Processes        : 1218
 Total Traceable Variables  : 988
 Total Scalar Nets and Variables : 86401
Total Line Count : 0

 Total Simulation Time: 1.71875 sec

 Current Memory Usage: 595.853 Meg

Fri Jan 20 22:58:39 2017

